<?xml version="1.0" encoding="UTF-8"?>
<!-- Generated by org.testng.reporters.JUnitReportReporter -->
<testsuite hostname="DESKTOP-UJEM81M" failures="0" tests="3" name="codenboxautomationlab.codenboxautomationlab.AppTest" time="2.728" errors="0" timestamp="2025-04-21T19:48:11 GMT+03:00" skipped="1">
  <testcase classname="codenboxautomationlab.codenboxautomationlab.AppTest" name="Dynamic_Dropdown" time="2.445"/>
  <testcase classname="codenboxautomationlab.codenboxautomationlab.AppTest" name="Static_Dropdown" time="0.283"/>
  <testcase classname="codenboxautomationlab.codenboxautomationlab.AppTest" name="RadioButton">
    <skipped/>
  </testcase> <!-- RadioButton -->
</testsuite> <!-- codenboxautomationlab.codenboxautomationlab.AppTest -->
